<?xml version="1.0" encoding="UTF-8"?>
<testng-results skipped="1" failed="0" total="1" passed="0">
  <reporter-output>
  </reporter-output>
  <suite name="hercircleMobileAutomation" duration-ms="579" started-at="2021-07-13T23:35:07Z" finished-at="2021-07-13T23:35:08Z">
    <groups>
    </groups>
    <test name="Test" duration-ms="579" started-at="2021-07-13T23:35:07Z" finished-at="2021-07-13T23:35:08Z">
      <class name="TestCases.VerifythehercircleLogin">
        <test-method status="PASS" signature="Deletefile()[pri:0, instance:TestCases.VerifythehercircleLogin@1d057a39]" name="Deletefile" is-config="true" duration-ms="5" started-at="2021-07-13T16:35:07Z" finished-at="2021-07-13T16:35:07Z">
          <reporter-output>
          </reporter-output>
        </test-method> <!-- Deletefile -->
        <test-method status="FAIL" signature="Applaunch()[pri:0, instance:TestCases.VerifythehercircleLogin@1d057a39]" name="Applaunch" is-config="true" duration-ms="0" started-at="2021-07-13T16:35:07Z" finished-at="2021-07-13T16:35:07Z">
          <exception class="io.appium.java_client.service.local.InvalidServerInstanceException">
            <message>
              <![CDATA[The main Appium script does not exist at 'C:\Windows\system32\config\systemprofile\AppData\Roaming\npm\node_modules\appium\build\lib\main.js']]>
            </message>
            <full-stacktrace>
              <![CDATA[io.appium.java_client.service.local.InvalidServerInstanceException: The main Appium script does not exist at 'C:\Windows\system32\config\systemprofile\AppData\Roaming\npm\node_modules\appium\build\lib\main.js'
	at io.appium.java_client.service.local.AppiumServiceBuilder.findMainScript(AppiumServiceBuilder.java:161)
	at io.appium.java_client.service.local.AppiumServiceBuilder.loadPathToMainScript(AppiumServiceBuilder.java:300)
	at io.appium.java_client.service.local.AppiumServiceBuilder.createArgs(AppiumServiceBuilder.java:381)
	at org.openqa.selenium.remote.service.DriverService$Builder.build(DriverService.java:358)
	at io.appium.java_client.service.local.AppiumDriverLocalService.buildService(AppiumDriverLocalService.java:87)
	at io.appium.java_client.service.local.AppiumDriverLocalService.buildDefaultService(AppiumDriverLocalService.java:83)
	at Baseclass.Mobilebaseclass.Applaunch(Mobilebaseclass.java:160)
	at sun.reflect.NativeMethodAccessorImpl.invoke0(Native Method)
	at sun.reflect.NativeMethodAccessorImpl.invoke(NativeMethodAccessorImpl.java:62)
	at sun.reflect.DelegatingMethodAccessorImpl.invoke(DelegatingMethodAccessorImpl.java:43)
	at java.lang.reflect.Method.invoke(Method.java:498)
	at org.testng.internal.MethodInvocationHelper.invokeMethod(MethodInvocationHelper.java:80)
	at org.testng.internal.Invoker.invokeConfigurationMethod(Invoker.java:564)
	at org.testng.internal.Invoker.invokeConfigurations(Invoker.java:213)
	at org.testng.internal.Invoker.invokeMethod(Invoker.java:653)
	at org.testng.internal.Invoker.invokeTestMethod(Invoker.java:901)
	at org.testng.internal.Invoker.invokeTestMethods(Invoker.java:1231)
	at org.testng.internal.TestMethodWorker.invokeTestMethods(TestMethodWorker.java:127)
	at org.testng.internal.TestMethodWorker.run(TestMethodWorker.java:111)
	at org.testng.TestRunner.privateRun(TestRunner.java:767)
	at org.testng.TestRunner.run(TestRunner.java:617)
	at org.testng.SuiteRunner.runTest(SuiteRunner.java:334)
	at org.testng.SuiteRunner.runSequentially(SuiteRunner.java:329)
	at org.testng.SuiteRunner.privateRun(SuiteRunner.java:291)
	at org.testng.SuiteRunner.run(SuiteRunner.java:240)
	at org.testng.SuiteRunnerWorker.runSuite(SuiteRunnerWorker.java:52)
	at org.testng.SuiteRunnerWorker.run(SuiteRunnerWorker.java:86)
	at org.testng.TestNG.runSuitesSequentially(TestNG.java:1198)
	at org.testng.TestNG.runSuitesLocally(TestNG.java:1123)
	at org.testng.TestNG.run(TestNG.java:1031)
	at org.apache.maven.surefire.testng.TestNGExecutor.run(TestNGExecutor.java:281)
	at org.apache.maven.surefire.testng.TestNGXmlTestSuite.execute(TestNGXmlTestSuite.java:75)
	at org.apache.maven.surefire.testng.TestNGProvider.invoke(TestNGProvider.java:121)
	at org.apache.maven.surefire.booter.ForkedBooter.invokeProviderInSameClassLoader(ForkedBooter.java:290)
	at org.apache.maven.surefire.booter.ForkedBooter.runSuitesInProcess(ForkedBooter.java:242)
	at org.apache.maven.surefire.booter.ForkedBooter.main(ForkedBooter.java:121)
]]>
            </full-stacktrace>
          </exception> <!-- io.appium.java_client.service.local.InvalidServerInstanceException -->
          <reporter-output>
          </reporter-output>
        </test-method> <!-- Applaunch -->
        <test-method status="SKIP" signature="hercirclelogin()[pri:0, instance:TestCases.VerifythehercircleLogin@1d057a39]" name="hercirclelogin" duration-ms="1" started-at="2021-07-13T16:35:08Z" finished-at="2021-07-13T16:35:08Z">
          <reporter-output>
          </reporter-output>
        </test-method> <!-- hercirclelogin -->
        <test-method status="SKIP" signature="Aftermethod()[pri:0, instance:TestCases.VerifythehercircleLogin@1d057a39]" name="Aftermethod" is-config="true" duration-ms="0" started-at="2021-07-13T16:35:08Z" finished-at="2021-07-13T16:35:08Z">
          <reporter-output>
          </reporter-output>
        </test-method> <!-- Aftermethod -->
      </class> <!-- TestCases.VerifythehercircleLogin -->
    </test> <!-- Test -->
  </suite> <!-- hercircleMobileAutomation -->
</testng-results>
