<?xml version="1.0" encoding="UTF-8"?>
<!-- Generated by org.testng.reporters.JUnitXMLReporter -->
<testsuite hostname="LAPTOP-6QT9T5R4" name="Test" tests="1" failures="1" timestamp="11 Jul 2021 20:50:58 GMT" time="101.746" errors="0">
  <testcase name="hercirclelogin" time="40.505" classname="TestCases.VerifythehercircleLogin">
    <failure type="org.openqa.selenium.NoSuchElementException" message="An element could not be located on the page using the given search parameters. (WARNING: The server did not provide any stacktrace information)
Command duration or timeout: 0 milliseconds
For documentation on this error, please visit: https://www.seleniumhq.org/exceptions/no_such_element.html
Build info: version: &amp;apos;3.141.59&amp;apos;, revision: &amp;apos;e82be7d358&amp;apos;, time: &amp;apos;2018-11-14T08:17:03&amp;apos;
System info: host: &amp;apos;LAPTOP-6QT9T5R4&amp;apos;, ip: &amp;apos;192.168.43.3&amp;apos;, os.name: &amp;apos;Windows 10&amp;apos;, os.arch: &amp;apos;amd64&amp;apos;, os.version: &amp;apos;10.0&amp;apos;, java.version: &amp;apos;1.8.0_211&amp;apos;
Driver info: io.appium.java_client.android.AndroidDriver
Capabilities {AVD: emulator-5554, UDID: emulator-5554, appActivity: com.rf.hercircle.MainActivity, appPackage: com.rf.hercircle, automationName: UiAutomator2, databaseEnabled: false, desired: {AVD: emulator-5554, UDID: emulator-5554, appActivity: com.rf.hercircle.MainActivity, appPackage: com.rf.hercircle, automationName: UiAutomator2, deviceName: Nexus_5X_API_29, fullReset: false, noReset: true, platformName: Android, platformVersion: 10}, deviceApiLevel: 29, deviceManufacturer: Google, deviceModel: Android SDK built for x86, deviceName: emulator-5554, deviceScreenDensity: 420, deviceScreenSize: 1080x1920, deviceUDID: emulator-5554, fullReset: false, javascriptEnabled: true, locationContextEnabled: false, networkConnectionEnabled: true, noReset: true, pixelRatio: 2.625, platform: LINUX, platformName: Android, platformVersion: 10, statBarHeight: 63, takesScreenshot: true, viewportRect: {height: 1731, left: 0, top: 63, width: 1080}, warnings: {}, webStorageEnabled: false}
Session ID: 53101f82-3858-4723-8944-d9a7cd8da373
*** Element info: {Using=xpath, value=//*[@text=&amp;apos;Sign In&amp;apos;]}">
      <![CDATA[org.openqa.selenium.NoSuchElementException: An element could not be located on the page using the given search parameters. (WARNING: The server did not provide any stacktrace information)
Command duration or timeout: 0 milliseconds
For documentation on this error, please visit: https://www.seleniumhq.org/exceptions/no_such_element.html
Build info: version: '3.141.59', revision: 'e82be7d358', time: '2018-11-14T08:17:03'
System info: host: 'LAPTOP-6QT9T5R4', ip: '192.168.43.3', os.name: 'Windows 10', os.arch: 'amd64', os.version: '10.0', java.version: '1.8.0_211'
Driver info: io.appium.java_client.android.AndroidDriver
Capabilities {AVD: emulator-5554, UDID: emulator-5554, appActivity: com.rf.hercircle.MainActivity, appPackage: com.rf.hercircle, automationName: UiAutomator2, databaseEnabled: false, desired: {AVD: emulator-5554, UDID: emulator-5554, appActivity: com.rf.hercircle.MainActivity, appPackage: com.rf.hercircle, automationName: UiAutomator2, deviceName: Nexus_5X_API_29, fullReset: false, noReset: true, platformName: Android, platformVersion: 10}, deviceApiLevel: 29, deviceManufacturer: Google, deviceModel: Android SDK built for x86, deviceName: emulator-5554, deviceScreenDensity: 420, deviceScreenSize: 1080x1920, deviceUDID: emulator-5554, fullReset: false, javascriptEnabled: true, locationContextEnabled: false, networkConnectionEnabled: true, noReset: true, pixelRatio: 2.625, platform: LINUX, platformName: Android, platformVersion: 10, statBarHeight: 63, takesScreenshot: true, viewportRect: {height: 1731, left: 0, top: 63, width: 1080}, warnings: {}, webStorageEnabled: false}
Session ID: 53101f82-3858-4723-8944-d9a7cd8da373
*** Element info: {Using=xpath, value=//*[@text='Sign In']}
	at org.openqa.selenium.remote.ErrorHandler.createThrowable(ErrorHandler.java:214)
	at org.openqa.selenium.remote.ErrorHandler.throwIfResponseFailed(ErrorHandler.java:166)
	at org.openqa.selenium.remote.http.JsonHttpResponseCodec.reconstructValue(JsonHttpResponseCodec.java:40)
	at org.openqa.selenium.remote.http.AbstractHttpResponseCodec.decode(AbstractHttpResponseCodec.java:80)
	at org.openqa.selenium.remote.http.AbstractHttpResponseCodec.decode(AbstractHttpResponseCodec.java:44)
	at org.openqa.selenium.remote.HttpCommandExecutor.execute(HttpCommandExecutor.java:158)
	at io.appium.java_client.remote.AppiumCommandExecutor.execute(AppiumCommandExecutor.java:239)
	at org.openqa.selenium.remote.RemoteWebDriver.execute(RemoteWebDriver.java:552)
	at io.appium.java_client.DefaultGenericMobileDriver.execute(DefaultGenericMobileDriver.java:41)
	at io.appium.java_client.AppiumDriver.execute(AppiumDriver.java:1)
	at io.appium.java_client.android.AndroidDriver.execute(AndroidDriver.java:1)
	at org.openqa.selenium.remote.RemoteWebDriver.findElement(RemoteWebDriver.java:323)
	at io.appium.java_client.DefaultGenericMobileDriver.findElement(DefaultGenericMobileDriver.java:61)
	at io.appium.java_client.AppiumDriver.findElement(AppiumDriver.java:1)
	at io.appium.java_client.android.AndroidDriver.findElement(AndroidDriver.java:1)
	at org.openqa.selenium.remote.RemoteWebDriver.findElementByXPath(RemoteWebDriver.java:428)
	at io.appium.java_client.DefaultGenericMobileDriver.findElementByXPath(DefaultGenericMobileDriver.java:151)
	at io.appium.java_client.AppiumDriver.findElementByXPath(AppiumDriver.java:1)
	at io.appium.java_client.android.AndroidDriver.findElementByXPath(AndroidDriver.java:1)
	at org.openqa.selenium.By$ByXPath.findElement(By.java:353)
	at org.openqa.selenium.remote.RemoteWebDriver.findElement(RemoteWebDriver.java:315)
	at io.appium.java_client.DefaultGenericMobileDriver.findElement(DefaultGenericMobileDriver.java:57)
	at io.appium.java_client.AppiumDriver.findElement(AppiumDriver.java:1)
	at io.appium.java_client.android.AndroidDriver.findElement(AndroidDriver.java:1)
	at Commonfiles1.Commonfiles.FindelementClick(Commonfiles.java:210)
	at Businesslogic.loginpage.Mobilehercirclelogin(loginpage.java:169)
	at TestCases.VerifythehercircleLogin.hercirclelogin(VerifythehercircleLogin.java:23)
... Removed 28 stack frames]]>
    </failure>
  </testcase> <!-- hercirclelogin -->
</testsuite> <!-- Test -->
